This is pdfTeX, Version 3.14159265-2.6-1.40.17 (TeX Live 2016) (preloaded format=pdflatex 2017.1.5)  5 JUN 2017 19:35
entering extended mode
 restricted \write18 enabled.
 %&-line parsing enabled.
**estado_de_la_cuestion.tex
(./estado_de_la_cuestion.tex
LaTeX2e <2016/03/31>
Babel <3.9r> and hyphenation patterns for 3 language(s) loaded.
! Undefined control sequence.
l.1 \chapter
            {Robótica educativa}
? 
! Emergency stop.
l.1 \chapter
            {Robótica educativa}
End of file on the terminal!

 
Here is how much of TeX's memory you used:
 5 strings out of 494946
 183 string characters out of 6180982
 45225 words of memory out of 5000000
 3399 multiletter control sequences out of 15000+600000
 3640 words of font info for 14 fonts, out of 8000000 for 9000
 14 hyphenation exceptions out of 8191
 5i,0n,1p,57b,8s stack positions out of 5000i,500n,10000p,200000b,80000s
!  ==> Fatal error occurred, no output PDF file produced!
