This is XeTeX, Version 3.14159265-2.6-0.99996 (TeX Live 2016) (preloaded format=xelatex 2017.7.22)  28 SEP 2017 11:33
entering extended mode
 restricted \write18 enabled.
 %&-line parsing enabled.
**estado_de_la_cuestion.tex
(./estado_de_la_cuestion.tex
LaTeX2e <2016/03/31>
Babel <3.9r> and hyphenation patterns for 80 language(s) loaded.
! Undefined control sequence.
l.1 \chapter
            {Estado de la cuestión}
? 
! Emergency stop.
l.1 \chapter
            {Estado de la cuestión}
End of file on the terminal!

 
Here is how much of TeX's memory you used:
 4 strings out of 493632
 98 string characters out of 6147029
 53526 words of memory out of 5000000
 3514 multiletter control sequences out of 15000+600000
 3640 words of font info for 14 fonts, out of 8000000 for 9000
 1328 hyphenation exceptions out of 8191
 5i,0n,1p,59b,8s stack positions out of 5000i,500n,10000p,200000b,80000s
No pages of output.
